<?xml version="1.0" encoding="UTF-8"?>
<!-- Generated by org.testng.reporters.JUnitXMLReporter -->
<testsuite hostname="DESKTOP-1D1H5F9" ignored="3" tests="0" failures="0" timestamp="15 Apr 2020 16:54:21 GMT" time="0.007" errors="0">
  <testcase name="GOOGLE2" time="0.0" classname="SecondTest">
    <ignored/>
  </testcase> <!-- GOOGLE2 -->
  <testcase name="GOOGLE1" time="0.0" classname="SecondTest">
    <ignored/>
  </testcase> <!-- GOOGLE1 -->
  <testcase name="GOOGLE3" time="0.0" classname="SecondTest">
    <ignored/>
  </testcase> <!-- GOOGLE3 -->
</testsuite>
